build/outputs/logs/manifest-merger-debug-report.txt
-- Merging decision tree log ---
manifest
ADDED from ASworkspace/PB_wifidebugPrj/AndroidManifest.xml:1:1-43:12
	coreApp
		ADDED from ASworkspace/PB_wifidebugPrj/AndroidManifest.xml:3:5-19
	android:sharedUserId
		ADDED from ASworkspace/PB_wifidebugPrj/AndroidManifest.xml:4:5-46
	xmlns:android
		ADDED from ASworkspace/PB_wifidebugPrj/AndroidManifest.xml:1:11-69
	package
		ADDED from ASworkspace/PB_wifidebugPrj/AndroidManifest.xml:2:5-32
uses-sdk
ADDED from ASworkspace/PB_wifidebugPrj/AndroidManifest.xml:6:5-8:41
	android:targetSdkVersion
		ADDED from ASworkspace/PB_wifidebugPrj/AndroidManifest.xml:8:9-38
	android:minSdkVersion
		ADDED from ASworkspace/PB_wifidebugPrj/AndroidManifest.xml:7:9-35
application
ADDED from ASworkspace/PB_wifidebugPrj/AndroidManifest.xml:10:5-24:19
	android:label
		ADDED from ASworkspace/PB_wifidebugPrj/AndroidManifest.xml:13:9-41
	android:allowBackup
		ADDED from ASworkspace/PB_wifidebugPrj/AndroidManifest.xml:11:9-35
	android:icon
		ADDED from ASworkspace/PB_wifidebugPrj/AndroidManifest.xml:12:9-45
	android:theme
		ADDED from ASworkspace/PB_wifidebugPrj/AndroidManifest.xml:14:9-40
activity#cn.com.goer.tekom.MainActivity
ADDED from ASworkspace/PB_wifidebugPrj/AndroidManifest.xml:15:9-23:20
	android:label
		ADDED from ASworkspace/PB_wifidebugPrj/AndroidManifest.xml:17:13-45
	android:name
		ADDED from ASworkspace/PB_wifidebugPrj/AndroidManifest.xml:16:13-41
intent-filter#android.intent.action.MAIN+android.intent.category.LAUNCHER
ADDED from ASworkspace/PB_wifidebugPrj/AndroidManifest.xml:18:13-22:29
action#android.intent.action.MAIN
ADDED from ASworkspace/PB_wifidebugPrj/AndroidManifest.xml:19:17-69
	android:name
		ADDED from ASworkspace/PB_wifidebugPrj/AndroidManifest.xml:19:25-66
category#android.intent.category.LAUNCHER
ADDED from ASworkspace/PB_wifidebugPrj/AndroidManifest.xml:21:17-77
	android:name
		ADDED from ASworkspace/PB_wifidebugPrj/AndroidManifest.xml:21:27-74
uses-permission#android.permission.WRITE_SECURE_SETTINGS
ADDED from ASworkspace/PB_wifidebugPrj/AndroidManifest.xml:26:5-80
	android:name
		ADDED from ASworkspace/PB_wifidebugPrj/AndroidManifest.xml:26:22-77
uses-permission#android.permission.WRITE_SETTINGS
ADDED from ASworkspace/PB_wifidebugPrj/AndroidManifest.xml:27:5-73
	android:name
		ADDED from ASworkspace/PB_wifidebugPrj/AndroidManifest.xml:27:22-70
uses-permission#android.permission.ACCESS_NETWORK_STATE
ADDED from ASworkspace/PB_wifidebugPrj/AndroidManifest.xml:28:5-79
	android:name
		ADDED from ASworkspace/PB_wifidebugPrj/AndroidManifest.xml:28:22-76
uses-permission#android.permission.ACCESS_WIFI_STATE
ADDED from ASworkspace/PB_wifidebugPrj/AndroidManifest.xml:29:5-76
	android:name
		ADDED from ASworkspace/PB_wifidebugPrj/AndroidManifest.xml:29:22-73
uses-permission#android.permission.CHANGE_NETWORK_STATE
ADDED from ASworkspace/PB_wifidebugPrj/AndroidManifest.xml:30:5-79
	android:name
		ADDED from ASworkspace/PB_wifidebugPrj/AndroidManifest.xml:30:22-76
uses-permission#android.permission.CHANGE_WIFI_STATE
ADDED from ASworkspace/PB_wifidebugPrj/AndroidManifest.xml:31:5-76
	android:name
		ADDED from ASworkspace/PB_wifidebugPrj/AndroidManifest.xml:31:22-73
uses-permission#android.permission.INTERNET
ADDED from ASworkspace/PB_wifidebugPrj/AndroidManifest.xml:32:5-67
	android:name
		ADDED from ASworkspace/PB_wifidebugPrj/AndroidManifest.xml:32:22-64
uses-permission#android.permission.WAKE_LOCK
ADDED from ASworkspace/PB_wifidebugPrj/AndroidManifest.xml:33:5-68
	android:name
		ADDED from ASworkspace/PB_wifidebugPrj/AndroidManifest.xml:33:22-65
uses-permission#android.permission.BLUETOOTH
ADDED from ASworkspace/PB_wifidebugPrj/AndroidManifest.xml:34:5-68
	android:name
		ADDED from ASworkspace/PB_wifidebugPrj/AndroidManifest.xml:34:22-65
uses-permission#android.permission.BLUETOOTH_ADMIN
ADDED from ASworkspace/PB_wifidebugPrj/AndroidManifest.xml:35:5-74
	android:name
		ADDED from ASworkspace/PB_wifidebugPrj/AndroidManifest.xml:35:22-71
uses-permission#android.permission.WRITE_EXTERNAL_STORAGE
ADDED from ASworkspace/PB_wifidebugPrj/AndroidManifest.xml:36:5-81
	android:name
		ADDED from ASworkspace/PB_wifidebugPrj/AndroidManifest.xml:36:22-78
uses-permission#android.permission.READ_EXTERNAL_STORAGE
ADDED from ASworkspace/PB_wifidebugPrj/AndroidManifest.xml:37:5-80
	android:name
		ADDED from ASworkspace/PB_wifidebugPrj/AndroidManifest.xml:37:22-77
uses-permission#android.permission.USE_CREDENTIALS
ADDED from ASworkspace/PB_wifidebugPrj/AndroidManifest.xml:38:5-74
	android:name
		ADDED from ASworkspace/PB_wifidebugPrj/AndroidManifest.xml:38:22-71
permission#cyanogenmod.permission.PROTECTED_APP
ADDED from ASworkspace/PB_wifidebugPrj/AndroidManifest.xml:40:5-42:55
	android:protectionLevel
		ADDED from ASworkspace/PB_wifidebugPrj/AndroidManifest.xml:42:9-52
	android:name
		ADDED from ASworkspace/PB_wifidebugPrj/AndroidManifest.xml:41:9-60